TN:
SF:knexfile.js
FN:17,(anonymous_0)
FNF:1
FNH:0
FNDA:0,(anonymous_0)
DA:1,2
DA:3,2
DA:18,0
LF:3
LH:2
BRDA:1,0,0,2
BRDA:1,0,1,2
BRF:2
BRH:2
end_of_record
TN:
SF:api/server.js
FN:14,(anonymous_0)
FNF:1
FNH:0
FNDA:0,(anonymous_0)
DA:1,2
DA:2,2
DA:3,2
DA:4,2
DA:5,2
DA:6,2
DA:8,2
DA:10,2
DA:11,2
DA:12,2
DA:14,2
DA:15,0
DA:18,2
DA:19,2
DA:20,2
DA:22,2
LF:16
LH:15
BRF:0
BRH:0
end_of_record
TN:
SF:auth/router.js
FN:9,(anonymous_0)
FN:22,(anonymous_1)
FN:25,(anonymous_2)
FN:35,(anonymous_3)
FN:40,(anonymous_4)
FN:47,(anonymous_5)
FNF:6
FNH:4
FNDA:3,(anonymous_0)
FNDA:3,(anonymous_1)
FNDA:0,(anonymous_2)
FNDA:2,(anonymous_3)
FNDA:2,(anonymous_4)
FNDA:0,(anonymous_5)
DA:1,2
DA:2,2
DA:3,2
DA:4,2
DA:5,2
DA:7,2
DA:9,2
DA:10,3
DA:12,3
DA:13,3
DA:16,3
DA:18,3
DA:21,3
DA:23,3
DA:26,0
DA:29,0
DA:35,2
DA:36,2
DA:38,2
DA:39,2
DA:41,2
DA:42,2
DA:43,2
DA:44,2
DA:48,0
DA:51,0
DA:55,2
LF:27
LH:23
BRDA:12,0,0,3
BRDA:12,0,1,0
BRDA:13,1,0,3
BRDA:13,1,1,3
BRDA:38,2,0,2
BRDA:38,2,1,0
BRDA:41,3,0,2
BRDA:41,3,1,0
BRDA:41,4,0,2
BRDA:41,4,1,2
BRF:10
BRH:7
end_of_record
TN:
SF:data/dbConfig.js
FNF:0
FNH:0
DA:1,2
DA:2,2
DA:4,2
DA:6,2
LF:4
LH:4
BRDA:4,0,0,2
BRDA:4,0,1,0
BRF:2
BRH:1
end_of_record
TN:
SF:users/router.js
FN:9,(anonymous_0)
FN:11,(anonymous_1)
FN:14,(anonymous_2)
FN:19,(anonymous_3)
FN:24,(anonymous_4)
FN:27,(anonymous_5)
FN:32,(anonymous_6)
FN:36,(anonymous_7)
FN:43,(anonymous_8)
FN:48,(anonymous_9)
FN:52,(anonymous_10)
FN:59,(anonymous_11)
FN:64,(anonymous_12)
FN:68,(anonymous_13)
FN:73,(anonymous_14)
FN:78,(anonymous_15)
FN:82,(anonymous_16)
FN:89,(anonymous_17)
FN:94,(anonymous_18)
FN:98,(anonymous_19)
FN:105,(anonymous_20)
FN:110,(anonymous_21)
FN:114,(anonymous_22)
FN:121,(anonymous_23)
FNF:24
FNH:0
FNDA:0,(anonymous_0)
FNDA:0,(anonymous_1)
FNDA:0,(anonymous_2)
FNDA:0,(anonymous_3)
FNDA:0,(anonymous_4)
FNDA:0,(anonymous_5)
FNDA:0,(anonymous_6)
FNDA:0,(anonymous_7)
FNDA:0,(anonymous_8)
FNDA:0,(anonymous_9)
FNDA:0,(anonymous_10)
FNDA:0,(anonymous_11)
FNDA:0,(anonymous_12)
FNDA:0,(anonymous_13)
FNDA:0,(anonymous_14)
FNDA:0,(anonymous_15)
FNDA:0,(anonymous_16)
FNDA:0,(anonymous_17)
FNDA:0,(anonymous_18)
FNDA:0,(anonymous_19)
FNDA:0,(anonymous_20)
FNDA:0,(anonymous_21)
FNDA:0,(anonymous_22)
FNDA:0,(anonymous_23)
DA:1,2
DA:2,2
DA:3,2
DA:5,2
DA:7,2
DA:9,2
DA:10,0
DA:12,0
DA:15,0
DA:19,2
DA:20,0
DA:21,0
DA:23,0
DA:25,0
DA:28,0
DA:32,2
DA:33,0
DA:35,0
DA:37,0
DA:38,0
DA:40,0
DA:44,0
DA:48,2
DA:49,0
DA:51,0
DA:53,0
DA:54,0
DA:56,0
DA:60,0
DA:64,2
DA:65,0
DA:67,0
DA:69,0
DA:70,0
DA:74,0
DA:78,2
DA:79,0
DA:81,0
DA:83,0
DA:84,0
DA:86,0
DA:90,0
DA:94,2
DA:95,0
DA:97,0
DA:99,0
DA:100,0
DA:102,0
DA:106,0
DA:110,2
DA:111,0
DA:113,0
DA:115,0
DA:116,0
DA:118,0
DA:122,0
DA:126,2
LF:57
LH:14
BRDA:37,0,0,0
BRDA:37,0,1,0
BRDA:53,1,0,0
BRDA:53,1,1,0
BRDA:69,2,0,0
BRDA:69,2,1,0
BRDA:83,3,0,0
BRDA:83,3,1,0
BRDA:99,4,0,0
BRDA:99,4,1,0
BRDA:115,5,0,0
BRDA:115,5,1,0
BRF:12
BRH:0
end_of_record
TN:
SF:users/users-model.js
FN:17,addUser
FN:24,getUsers
FN:28,findBy
FN:35,getClass
FN:39,getClassById
FN:47,getClassType
FN:54,getIntensity
FN:61,getByLocation
FN:68,getByDuration
FN:75,getByInstructor
FN:82,addFavorite
FNF:11
FNH:2
FNDA:3,addUser
FNDA:0,getUsers
FNDA:2,findBy
FNDA:0,getClass
FNDA:0,getClassById
FNDA:0,getClassType
FNDA:0,getIntensity
FNDA:0,getByLocation
FNDA:0,getByDuration
FNDA:0,getByInstructor
FNDA:0,addFavorite
DA:1,2
DA:3,2
DA:18,3
DA:25,0
DA:29,2
DA:36,0
DA:40,0
DA:48,0
DA:55,0
DA:62,0
DA:69,0
DA:76,0
DA:83,0
LF:13
LH:4
BRF:0
BRH:0
end_of_record
